[Header]
Signature=VISE
Version=0001
RemoveInUseFiles=0
RegistryKeyName=Installer VISE 3.6 汉化精简版
Product Name=Installer VISE 3.6 汉化精简版
[WinNT]
AdminPrivileges=1
[Directories2]
0=C:\Program Files
count=13
1=C:\Program Files\Installer VISE 3.6
2=C:\Program Files\Installer VISE 3.6\ExtCodes
3=C:\Program Files\Installer VISE 3.6\ExtCodes\Include
4=C:\Program Files\Installer VISE 3.6\ExtCodes\Win16
5=C:\Program Files\Installer VISE 3.6\ExtCodes\Win32
6=C:\Program Files\Installer VISE 3.6\ExtCodes\Win32\Release
7=C:\Program Files\Installer VISE 3.6\Support
8=C:\Documents and Settings
9=C:\Documents and Settings\All Users
10=C:\Documents and Settings\All Users\「开始」菜单
11=C:\Documents and Settings\All Users\「开始」菜单\程序
12=C:\Documents and Settings\All Users\「开始」菜单\程序\Installer VISE 3.6
[Files]
count=58
0=C:\Program Files\Installer VISE 3.6\InstVISE.cnt
1=C:\Program Files\Installer VISE 3.6\InstVise.exe
2=C:\Program Files\Installer VISE 3.6\instvise.exe.manifest
3=C:\Program Files\Installer VISE 3.6\INSTVISE.HLP
4=C:\Program Files\Installer VISE 3.6\Translator.exe
5=C:\Program Files\Installer VISE 3.6\汉化说明.txt
6=C:\Program Files\Installer VISE 3.6\ExtCodes\Include\ExtCodes.h
7=C:\Program Files\Installer VISE 3.6\ExtCodes\Win16\Sample16.cpp
8=C:\Program Files\Installer VISE 3.6\ExtCodes\Win16\Sample16.def
9=C:\Program Files\Installer VISE 3.6\ExtCodes\Win16\SAMPLE16.DLL
10=C:\Program Files\Installer VISE 3.6\ExtCodes\Win16\SAMPLE16.MAK
11=C:\Program Files\Installer VISE 3.6\ExtCodes\Win16\SAMPLE16.VCW
12=C:\Program Files\Installer VISE 3.6\ExtCodes\Win16\SAMPLE16.WSP
13=C:\Program Files\Installer VISE 3.6\ExtCodes\Win32\Release\Sample32.dll
14=C:\Program Files\Installer VISE 3.6\ExtCodes\Win32\Sample32.cpp
15=C:\Program Files\Installer VISE 3.6\ExtCodes\Win32\Sample32.def
16=C:\Program Files\Installer VISE 3.6\ExtCodes\Win32\Sample32.dsp
17=C:\Program Files\Installer VISE 3.6\ExtCodes\Win32\Sample32.dsw
18=C:\Program Files\Installer VISE 3.6\ExtCodes\Win32\Sample32.mak
19=C:\Program Files\Installer VISE 3.6\ExtCodes\Win32\Sample32.mdp
20=C:\Program Files\Installer VISE 3.6\ExtCodes\Win32\Sample32.ncb
21=C:\Program Files\Installer VISE 3.6\ExtCodes\Win32\Sample32.opt
22=C:\Program Files\Installer VISE 3.6\ExtCodes\Win32\Sample32.plg
23=C:\Program Files\Installer VISE 3.6\Support\English.vlg
24=C:\Program Files\Installer VISE 3.6\Support\CORELIST.TXT
25=C:\Program Files\Installer VISE 3.6\Support\Debugstr.txt
26=C:\Program Files\Installer VISE 3.6\Support\Default.bmp
27=C:\Program Files\Installer VISE 3.6\Support\Default.jpg
28=C:\Program Files\Installer VISE 3.6\Support\dsetup.dll
29=C:\Program Files\Installer VISE 3.6\Support\eSellerateEngine.dll
30=C:\Program Files\Installer VISE 3.6\Support\Jpeg.dll
31=C:\Program Files\Installer VISE 3.6\Support\LayoutColumns.txt
32=C:\Program Files\Installer VISE 3.6\Support\LayoutInfo.ini
33=C:\Program Files\Installer VISE 3.6\Support\OLREG16.DLL
34=C:\Program Files\Installer VISE 3.6\Support\olreg32.dll
35=C:\Program Files\Installer VISE 3.6\Support\Panel1.bmp
36=C:\Program Files\Installer VISE 3.6\Support\Panel1.jpg
37=C:\Program Files\Installer VISE 3.6\Support\Panel2.bmp
38=C:\Program Files\Installer VISE 3.6\Support\Panel2.jpg
39=C:\Program Files\Installer VISE 3.6\Support\Rebootnt.exe
40=C:\Program Files\Installer VISE 3.6\Support\SkipList.txt
41=C:\Program Files\Installer VISE 3.6\Support\STUB.EXE
42=C:\Program Files\Installer VISE 3.6\Support\Stub32ex.exe
43=C:\Program Files\Installer VISE 3.6\Support\Tcpip32.dll
44=C:\Program Files\Installer VISE 3.6\Support\Uninst32.dll
45=C:\Program Files\Installer VISE 3.6\Support\Uninst32.exe
46=C:\Program Files\Installer VISE 3.6\Support\UNINSTAL.EXE
47=C:\Program Files\Installer VISE 3.6\Support\VB5DEP.INI
48=C:\Program Files\Installer VISE 3.6\Support\VB6DEP.INI
49=C:\Program Files\Installer VISE 3.6\Support\Vise.dll
50=C:\Program Files\Installer VISE 3.6\Support\Vise32.dll
51=C:\Program Files\Installer VISE 3.6\Support\Vise32ex.dll
52=C:\Program Files\Installer VISE 3.6\Support\xxxxxxx1.dat
53=C:\Program Files\Installer VISE 3.6\Support\xxxxxxx2.dat
54=C:\Program Files\Installer VISE 3.6\Support\xxxxxxx3.dat
55=C:\Documents and Settings\All Users\「开始」菜单\程序\Installer VISE 3.6\Installer VISE.lnk
56=C:\Documents and Settings\All Users\「开始」菜单\程序\Installer VISE 3.6\Installer VISE 手册.lnk
57=C:\Documents and Settings\All Users\「开始」菜单\程序\Installer VISE 3.6\卸载 Installer VISE 3.6.lnk
[Shortcuts]
0=C:\DOCUME~1\admin\桌面\INSTAL~1.LNK
[Strings]
IDS_STRING1=您是否真要完全删除选定的应用程序及其所有组件？
IDS_STRING2=确认文件删除
IDS_STRING3=系统显示下列共享文件不再被任何程序使用。
IDS_STRING4=是否删除共享文件？
IDS_STRING5=卸载成功完成。
IDS_STRING6=卸载
IDS_STRING7=如果一些程序仍然在使用该文件而它被删除了，那些程序可能无法正常运行。您是否真要删除共享文件？
IDS_STRING8=卸载部分成功。
IDS_ADMINPRIVILEGESNEEDED=需要管理员权限来卸载该软件。
IDS_YES=是(&Y)
IDS_NO=否(&N)
IDS_YESTOALL=全部是(&A)
IDS_REMOVINGFILE=正在删除文件:
IDS_STRING16=在新的设置生效之前，您必须关机并重启动计算机。
IDS_STRING17=您是否要立即重启动计算机？
